<?xml version="1.0" encoding="UTF-8"?>
<coverage generated="1746430132263" clover="3.2.0">
  <project timestamp="1746430132263" name="All files">
    <metrics statements="24" coveredstatements="18" conditionals="12" coveredconditionals="6" methods="4" coveredmethods="4" elements="40" coveredelements="28" complexity="0" loc="24" ncloc="24" packages="1" files="2" classes="2"/>
    <file name="AlertMessage.jsx" path="D:\laragon\www\react_vite_app\src\components\AlertMessage.jsx">
      <metrics statements="22" coveredstatements="16" conditionals="12" coveredconditionals="6" methods="3" coveredmethods="3"/>
      <line num="4" count="1" type="stmt"/>
      <line num="5" count="7" type="stmt"/>
      <line num="7" count="7" type="cond" truecount="2" falsecount="0"/>
      <line num="9" count="5" type="stmt"/>
      <line num="10" count="2" type="stmt"/>
      <line num="11" count="2" type="cond" truecount="2" falsecount="0"/>
      <line num="14" count="5" type="stmt"/>
      <line num="15" count="5" type="cond" truecount="2" falsecount="6"/>
      <line num="17" count="4" type="stmt"/>
      <line num="19" count="0" type="stmt"/>
      <line num="21" count="0" type="stmt"/>
      <line num="23" count="1" type="stmt"/>
      <line num="25" count="0" type="stmt"/>
      <line num="27" count="0" type="stmt"/>
      <line num="29" count="0" type="stmt"/>
      <line num="31" count="0" type="stmt"/>
      <line num="35" count="5" type="stmt"/>
      <line num="36" count="5" type="stmt"/>
      <line num="37" count="5" type="stmt"/>
      <line num="39" count="5" type="stmt"/>
      <line num="57" count="1" type="stmt"/>
      <line num="63" count="1" type="stmt"/>
    </file>
    <file name="Button.tsx" path="D:\laragon\www\react_vite_app\src\components\Button.tsx">
      <metrics statements="2" coveredstatements="2" conditionals="0" coveredconditionals="0" methods="1" coveredmethods="1"/>
      <line num="8" count="1" type="stmt"/>
      <line num="9" count="1" type="stmt"/>
    </file>
  </project>
</coverage>
