{"D:\\laragon\\www\\react_vite_app\\src\\components\\AlertMessage.jsx": {"path":"D:\\laragon\\www\\react_vite_app\\src\\components\\AlertMessage.jsx","statementMap":{"0":{"start":{"line":4,"column":21},"end":{"line":55,"column":1}},"1":{"start":{"line":5,"column":36},"end":{"line":5,"column":50}},"2":{"start":{"line":7,"column":2},"end":{"line":7,"column":30}},"3":{"start":{"line":7,"column":18},"end":{"line":7,"column":30}},"4":{"start":{"line":9,"column":22},"end":{"line":12,"column":3}},"5":{"start":{"line":10,"column":4},"end":{"line":10,"column":24}},"6":{"start":{"line":11,"column":4},"end":{"line":11,"column":27}},"7":{"start":{"line":11,"column":17},"end":{"line":11,"column":27}},"8":{"start":{"line":14,"column":23},"end":{"line":33,"column":3}},"9":{"start":{"line":15,"column":4},"end":{"line":32,"column":5}},"10":{"start":{"line":17,"column":8},"end":{"line":17,"column":64}},"11":{"start":{"line":19,"column":8},"end":{"line":19,"column":64}},"12":{"start":{"line":21,"column":8},"end":{"line":21,"column":64}},"13":{"start":{"line":23,"column":8},"end":{"line":23,"column":64}},"14":{"start":{"line":25,"column":8},"end":{"line":25,"column":64}},"15":{"start":{"line":27,"column":8},"end":{"line":27,"column":64}},"16":{"start":{"line":29,"column":8},"end":{"line":29,"column":64}},"17":{"start":{"line":31,"column":8},"end":{"line":31,"column":64}},"18":{"start":{"line":35,"column":12},"end":{"line":35,"column":22}},"19":{"start":{"line":36,"column":14},"end":{"line":36,"column":36}},"20":{"start":{"line":37,"column":16},"end":{"line":37,"column":34}},"21":{"start":{"line":39,"column":2},"end":{"line":54,"column":4}},"22":{"start":{"line":57,"column":0},"end":{"line":61,"column":2}},"23":{"start":{"line":63,"column":0},"end":{"line":66,"column":2}}},"fnMap":{"0":{"name":"(anonymous_0)","decl":{"start":{"line":4,"column":21},"end":{"line":4,"column":22}},"loc":{"start":{"line":4,"column":53},"end":{"line":55,"column":1}},"line":4},"1":{"name":"(anonymous_1)","decl":{"start":{"line":9,"column":22},"end":{"line":9,"column":23}},"loc":{"start":{"line":9,"column":28},"end":{"line":12,"column":3}},"line":9},"2":{"name":"(anonymous_2)","decl":{"start":{"line":14,"column":23},"end":{"line":14,"column":24}},"loc":{"start":{"line":14,"column":33},"end":{"line":33,"column":3}},"line":14}},"branchMap":{"0":{"loc":{"start":{"line":7,"column":2},"end":{"line":7,"column":30}},"type":"if","locations":[{"start":{"line":7,"column":2},"end":{"line":7,"column":30}},{"start":{},"end":{}}],"line":7},"1":{"loc":{"start":{"line":11,"column":4},"end":{"line":11,"column":27}},"type":"if","locations":[{"start":{"line":11,"column":4},"end":{"line":11,"column":27}},{"start":{},"end":{}}],"line":11},"2":{"loc":{"start":{"line":15,"column":4},"end":{"line":32,"column":5}},"type":"switch","locations":[{"start":{"line":16,"column":6},"end":{"line":17,"column":64}},{"start":{"line":18,"column":6},"end":{"line":19,"column":64}},{"start":{"line":20,"column":6},"end":{"line":21,"column":64}},{"start":{"line":22,"column":6},"end":{"line":23,"column":64}},{"start":{"line":24,"column":6},"end":{"line":25,"column":64}},{"start":{"line":26,"column":6},"end":{"line":27,"column":64}},{"start":{"line":28,"column":6},"end":{"line":29,"column":64}},{"start":{"line":30,"column":6},"end":{"line":31,"column":64}}],"line":15}},"s":{"0":1,"1":7,"2":7,"3":2,"4":5,"5":2,"6":2,"7":1,"8":5,"9":5,"10":4,"11":0,"12":0,"13":1,"14":0,"15":0,"16":0,"17":0,"18":5,"19":5,"20":5,"21":5,"22":1,"23":1},"f":{"0":7,"1":2,"2":5},"b":{"0":[2,5],"1":[1,1],"2":[4,0,0,1,0,0,0,0]},"_coverageSchema":"1a1c01bbd47fc00a2c39e90264f33305004495a9","hash":"ce452175a51fe7931bea4b7f6da1576b7f032a6c"}
,"D:\\laragon\\www\\react_vite_app\\src\\components\\Button.tsx": {"path":"D:\\laragon\\www\\react_vite_app\\src\\components\\Button.tsx","statementMap":{"0":{"start":{"line":8,"column":38},"end":{"line":17,"column":1}},"1":{"start":{"line":9,"column":2},"end":{"line":16,"column":4}}},"fnMap":{"0":{"name":"(anonymous_0)","decl":{"start":{"line":8,"column":38},"end":{"line":8,"column":39}},"loc":{"start":{"line":8,"column":62},"end":{"line":17,"column":1}},"line":8}},"branchMap":{},"s":{"0":1,"1":1},"f":{"0":1},"b":{},"_coverageSchema":"1a1c01bbd47fc00a2c39e90264f33305004495a9","hash":"0268f6f595b15286dca031ad1a20d33dff9eef0f"}
}
