TN:
SF:src\components\AlertMessage.jsx
FN:4,(anonymous_0)
FN:9,(anonymous_1)
FN:14,(anonymous_2)
FNF:3
FNH:3
FNDA:7,(anonymous_0)
FNDA:2,(anonymous_1)
FNDA:5,(anonymous_2)
DA:4,1
DA:5,7
DA:7,7
DA:9,5
DA:10,2
DA:11,2
DA:14,5
DA:15,5
DA:17,4
DA:19,0
DA:21,0
DA:23,1
DA:25,0
DA:27,0
DA:29,0
DA:31,0
DA:35,5
DA:36,5
DA:37,5
DA:39,5
DA:57,1
DA:63,1
LF:22
LH:16
BRDA:7,0,0,2
BRDA:7,0,1,5
BRDA:11,1,0,1
BRDA:11,1,1,1
BRDA:15,2,0,4
BRDA:15,2,1,0
BRDA:15,2,2,0
BRDA:15,2,3,1
BRDA:15,2,4,0
BRDA:15,2,5,0
BRDA:15,2,6,0
BRDA:15,2,7,0
BRF:12
BRH:6
end_of_record
TN:
SF:src\components\Button.tsx
FN:8,(anonymous_0)
FNF:1
FNH:1
FNDA:1,(anonymous_0)
DA:8,1
DA:9,1
LF:2
LH:2
BRF:0
BRH:0
end_of_record
